0 info it worked if it ends with ok
1 verbose cli [ 'C:\\Program Files\\nodejs\\node.exe',
1 verbose cli   'C:\\Program Files\\nodejs\\node_modules\\npm\\bin\\npm-cli.js',
1 verbose cli   'start' ]
2 info using npm@3.9.5
3 info using node@v6.2.2
4 verbose run-script [ 'prestart', 'start', 'poststart' ]
5 info lifecycle wordist.xyz@0.0.0~prestart: wordist.xyz@0.0.0
6 silly lifecycle wordist.xyz@0.0.0~prestart: no script for prestart, continuing
7 info lifecycle wordist.xyz@0.0.0~start: wordist.xyz@0.0.0
8 verbose lifecycle wordist.xyz@0.0.0~start: unsafe-perm in lifecycle true
9 verbose lifecycle wordist.xyz@0.0.0~start: PATH: C:\Program Files\nodejs\node_modules\npm\bin\node-gyp-bin;E:\Git\wordist.xyz\node_modules\.bin;C:\Program Files\nodejs;C:\ProgramData\Oracle\Java\javapath;C:\Windows\system32;C:\Windows;C:\Windows\System32\Wbem;C:\Windows\System32\WindowsPowerShell\v1.0\;C:\Program Files (x86)\AMD\ATI.ACE\Core-Static;C:\Program Files\Java\jdk1.8.0_92\bin\;C:\cygwin64\bin;C:\Program Files\nodejs\;C:\Program Files (x86)\Calibre2\;C:\Program Files\Git\cmd\;C:\Python27;C:\Users\killerveee\AppData\Roaming\npm;C:\Users\killerveee\AppData\Local\atom\bin
10 verbose lifecycle wordist.xyz@0.0.0~start: CWD: E:\Git\wordist.xyz
11 silly lifecycle wordist.xyz@0.0.0~start: Args: [ '/d /s /c', 'node ./bin/www' ]
12 silly lifecycle wordist.xyz@0.0.0~start: Returned: code: 1  signal: null
13 info lifecycle wordist.xyz@0.0.0~start: Failed to exec start script
14 verbose stack Error: wordist.xyz@0.0.0 start: `node ./bin/www`
14 verbose stack Exit status 1
14 verbose stack     at EventEmitter.<anonymous> (C:\Program Files\nodejs\node_modules\npm\lib\utils\lifecycle.js:245:16)
14 verbose stack     at emitTwo (events.js:106:13)
14 verbose stack     at EventEmitter.emit (events.js:191:7)
14 verbose stack     at ChildProcess.<anonymous> (C:\Program Files\nodejs\node_modules\npm\lib\utils\spawn.js:24:14)
14 verbose stack     at emitTwo (events.js:106:13)
14 verbose stack     at ChildProcess.emit (events.js:191:7)
14 verbose stack     at maybeClose (internal/child_process.js:852:16)
14 verbose stack     at Process.ChildProcess._handle.onexit (internal/child_process.js:215:5)
15 verbose pkgid wordist.xyz@0.0.0
16 verbose cwd E:\Git\wordist.xyz
17 error Windows_NT 6.3.9600
18 error argv "C:\\Program Files\\nodejs\\node.exe" "C:\\Program Files\\nodejs\\node_modules\\npm\\bin\\npm-cli.js" "start"
19 error node v6.2.2
20 error npm  v3.9.5
21 error code ELIFECYCLE
22 error wordist.xyz@0.0.0 start: `node ./bin/www`
22 error Exit status 1
23 error Failed at the wordist.xyz@0.0.0 start script 'node ./bin/www'.
23 error Make sure you have the latest version of node.js and npm installed.
23 error If you do, this is most likely a problem with the wordist.xyz package,
23 error not with npm itself.
23 error Tell the author that this fails on your system:
23 error     node ./bin/www
23 error You can get information on how to open an issue for this project with:
23 error     npm bugs wordist.xyz
23 error Or if that isn't available, you can get their info via:
23 error     npm owner ls wordist.xyz
23 error There is likely additional logging output above.
24 verbose exit [ 1, true ]
